<?xml version="1.0" encoding="UTF-8"?>
<coverage generated="1754910084914" clover="3.2.0">
  <project timestamp="1754910084914" name="All files">
    <metrics statements="5" coveredstatements="2" conditionals="0" coveredconditionals="0" methods="3" coveredmethods="1" elements="8" coveredelements="3" complexity="0" loc="5" ncloc="5" packages="1" files="2" classes="2"/>
    <file name="Contact.js" path="/Users/yuvrajsingh/Desktop/namaste-react/src/components/Contact.js">
      <metrics statements="2" coveredstatements="2" conditionals="0" coveredconditionals="0" methods="1" coveredmethods="1"/>
      <line num="3" count="1" type="stmt"/>
      <line num="4" count="2" type="stmt"/>
    </file>
    <file name="ContactClass.js" path="/Users/yuvrajsingh/Desktop/namaste-react/src/components/ContactClass.js">
      <metrics statements="3" coveredstatements="0" conditionals="0" coveredconditionals="0" methods="2" coveredmethods="0"/>
      <line num="5" count="0" type="stmt"/>
      <line num="8" count="0" type="stmt"/>
      <line num="10" count="0" type="stmt"/>
    </file>
  </project>
</coverage>
